build/app/intermediates/manifest_merge_blame_file/debug/manifest-merger-blame-debug-report.txt
1<?xml version="1.0" encoding="utf-8"?>
2<manifest xmlns:android="http://schemas.android.com/apk/res/android"
3    package="com.smartersvision.home_services_provider"
4    android:versionCode="19"
5    android:versionName="2.2.0" >
6
7    <uses-sdk
8        android:minSdkVersion="20"
9        android:targetSdkVersion="32" />
10    <!--
11         Flutter needs it to communicate with the running application
12         to allow setting breakpoints, to provide hot reload, etc.
13    -->
14    <uses-permission android:name="android.permission.INTERNET" />
14-->src/main/AndroidManifest.xml:4:5-66
14-->src/main/AndroidManifest.xml:4:22-64
15    <uses-permission android:name="android.permission.ACCESS_FINE_LOCATION" />
15-->src/main/AndroidManifest.xml:5:5-78
15-->src/main/AndroidManifest.xml:5:22-76
16    <uses-permission android:name="android.permission.ACCESS_COARSE_LOCATION" />
16-->src/main/AndroidManifest.xml:6:5-80
16-->src/main/AndroidManifest.xml:6:22-78
17    <uses-permission android:name="android.permission.ACCESS_NETWORK_STATE" />
17-->src/main/AndroidManifest.xml:7:5-78
17-->src/main/AndroidManifest.xml:7:22-76
18    <uses-permission android:name="android.permission.VIBRATE" />
18-->src/main/AndroidManifest.xml:8:5-65
18-->src/main/AndroidManifest.xml:8:22-63
19    <uses-permission android:name="android.permission.WAKE_LOCK" />
19-->[:firebase_messaging] AndroidManifest.xml:8:5-68
19-->[:firebase_messaging] AndroidManifest.xml:8:22-65
20    <uses-permission android:name="android.permission.FOREGROUND_SERVICE" />
20-->[:geolocator_android] AndroidManifest.xml:7:5-77
20-->[:geolocator_android] AndroidManifest.xml:7:22-74
21
22    <queries>
22-->[:map_launcher] AndroidManifest.xml:7:5-23:15
23        <package android:name="com.google.android.apps.maps" />
23-->[:map_launcher] AndroidManifest.xml:8:9-64
23-->[:map_launcher] AndroidManifest.xml:8:18-61
24        <package android:name="com.google.android.apps.mapslite" />
24-->[:map_launcher] AndroidManifest.xml:9:9-68
24-->[:map_launcher] AndroidManifest.xml:9:18-65
25        <package android:name="com.autonavi.minimap" />
25-->[:map_launcher] AndroidManifest.xml:10:9-56
25-->[:map_launcher] AndroidManifest.xml:10:18-53
26        <package android:name="com.baidu.BaiduMap" />
26-->[:map_launcher] AndroidManifest.xml:11:9-54
26-->[:map_launcher] AndroidManifest.xml:11:18-51
27        <package android:name="com.waze" />
27-->[:map_launcher] AndroidManifest.xml:12:9-44
27-->[:map_launcher] AndroidManifest.xml:12:18-41
28        <package android:name="ru.yandex.yandexnavi" />
28-->[:map_launcher] AndroidManifest.xml:13:9-56
28-->[:map_launcher] AndroidManifest.xml:13:18-53
29        <package android:name="ru.yandex.yandexmaps" />
29-->[:map_launcher] AndroidManifest.xml:14:9-56
29-->[:map_launcher] AndroidManifest.xml:14:18-53
30        <package android:name="com.citymapper.app.release" />
30-->[:map_launcher] AndroidManifest.xml:15:9-62
30-->[:map_launcher] AndroidManifest.xml:15:18-59
31        <package android:name="com.mapswithme.maps.pro" />
31-->[:map_launcher] AndroidManifest.xml:16:9-59
31-->[:map_launcher] AndroidManifest.xml:16:18-56
32        <package android:name="net.osmand" />
32-->[:map_launcher] AndroidManifest.xml:17:9-46
32-->[:map_launcher] AndroidManifest.xml:17:18-43
33        <package android:name="net.osmand.plus" />
33-->[:map_launcher] AndroidManifest.xml:18:9-51
33-->[:map_launcher] AndroidManifest.xml:18:18-48
34        <package android:name="ru.dublgis.dgismobile" />
34-->[:map_launcher] AndroidManifest.xml:19:9-57
34-->[:map_launcher] AndroidManifest.xml:19:18-54
35        <package android:name="com.tencent.map" />
35-->[:map_launcher] AndroidManifest.xml:20:9-51
35-->[:map_launcher] AndroidManifest.xml:20:18-48
36        <package android:name="com.here.app.maps" />
36-->[:map_launcher] AndroidManifest.xml:21:9-53
36-->[:map_launcher] AndroidManifest.xml:21:18-50
37        <package android:name="com.huawei.maps.app" />
37-->[:map_launcher] AndroidManifest.xml:22:9-55
37-->[:map_launcher] AndroidManifest.xml:22:18-52
38    </queries> <!-- Required by older versions of Google Play services to create IID tokens -->
39    <uses-permission android:name="com.google.android.c2dm.permission.RECEIVE" />
39-->[com.google.firebase:firebase-messaging:23.0.4] AndroidManifest.xml:28:5-82
39-->[com.google.firebase:firebase-messaging:23.0.4] AndroidManifest.xml:28:22-79
40
41    <uses-feature
41-->[com.google.android.gms:play-services-maps:18.0.2] AndroidManifest.xml:26:5-28:35
42        android:glEsVersion="0x00020000"
42-->[com.google.android.gms:play-services-maps:18.0.2] AndroidManifest.xml:27:9-41
43        android:required="true" />
43-->[com.google.android.gms:play-services-maps:18.0.2] AndroidManifest.xml:28:9-32
44    <!--
45 io.flutter.app.FlutterApplication is an android.app.Application that
46         calls FlutterMain.startInitialization(this); in its onCreate method.
47         In most cases you can leave this as-is, but you if you want to provide
48         additional functionality it is fine to subclass or reimplement
49         FlutterApplication and put your custom class here.
50    -->
51    <application
52        android:name="android.app.Application"
53        android:appComponentFactory="androidx.core.app.CoreComponentFactory"
53-->[androidx.core:core:1.6.0] AndroidManifest.xml:24:18-86
54        android:debuggable="true"
55        android:icon="@mipmap/ic_launcher"
56        android:label="Services Provider"
57        android:usesCleartextTraffic="true" >
58        <meta-data
59            android:name="com.google.android.geo.API_KEY"
60            android:value="AIzaSyDdyth2EiAjU9m9eE_obC5fnTY1yeVNTJU" />
61        <meta-data
62            android:name="com.google.firebase.messaging.default_notification_icon"
63            android:resource="@mipmap/ic_notification" />
64
65        <activity
66            android:name="com.smartersvision.home_services_provider.MainActivity"
67            android:configChanges="orientation|keyboardHidden|keyboard|screenSize|smallestScreenSize|locale|layoutDirection|fontScale|screenLayout|density|uiMode"
68            android:exported="true"
69            android:hardwareAccelerated="true"
70            android:launchMode="singleTop"
71            android:theme="@style/LaunchTheme"
72            android:windowSoftInputMode="adjustResize" >
73
74            <!--
75                 Specifies an Android theme to apply to this Activity as soon as
76                 the Android process has started. This theme is visible to the user
77                 while the Flutter UI initializes. After that, this theme continues
78                 to determine the Window background behind the Flutter UI.
79            -->
80            <meta-data
81                android:name="io.flutter.embedding.android.NormalTheme"
82                android:resource="@style/NormalTheme" />
83
84            <intent-filter>
85                <action android:name="android.intent.action.MAIN" />
86
87                <category android:name="android.intent.category.LAUNCHER" />
88            </intent-filter>
89            <intent-filter>
90                <action android:name="FLUTTER_NOTIFICATION_CLICK" />
91
92                <category android:name="android.intent.category.DEFAULT" />
92-->[com.google.firebase:firebase-auth:21.0.3] AndroidManifest.xml:36:17-76
92-->[com.google.firebase:firebase-auth:21.0.3] AndroidManifest.xml:36:27-73
93            </intent-filter>
94        </activity>
95        <!--
96             Don't delete the meta-data below.
97             This is used by the Flutter tool to generate GeneratedPluginRegistrant.java
98        -->
99        <meta-data
100            android:name="flutterEmbedding"
101            android:value="2" />
102
103        <service
103-->[:cloud_firestore] AndroidManifest.xml:8:9-12:19
104            android:name="com.google.firebase.components.ComponentDiscoveryService"
104-->[:cloud_firestore] AndroidManifest.xml:8:18-89
105            android:directBootAware="true"
105-->[com.google.firebase:firebase-common:20.1.1] AndroidManifest.xml:35:13-43
106            android:exported="false" >
106-->[com.google.firebase:firebase-messaging:23.0.4] AndroidManifest.xml:54:13-37
107            <meta-data
107-->[:cloud_firestore] AndroidManifest.xml:9:13-11:85
108                android:name="com.google.firebase.components:io.flutter.plugins.firebase.firestore.FlutterFirebaseFirestoreRegistrar"
108-->[:cloud_firestore] AndroidManifest.xml:10:17-134
109                android:value="com.google.firebase.components.ComponentRegistrar" />
109-->[:cloud_firestore] AndroidManifest.xml:11:17-82
110            <meta-data
110-->[:firebase_auth] AndroidManifest.xml:9:13-11:85
111                android:name="com.google.firebase.components:io.flutter.plugins.firebase.auth.FlutterFirebaseAuthRegistrar"
111-->[:firebase_auth] AndroidManifest.xml:10:17-124
112                android:value="com.google.firebase.components.ComponentRegistrar" />
112-->[:firebase_auth] AndroidManifest.xml:11:17-82
113            <meta-data
113-->[:firebase_storage] AndroidManifest.xml:9:13-11:85
114                android:name="com.google.firebase.components:io.flutter.plugins.firebase.storage.FlutterFirebaseAppRegistrar"
114-->[:firebase_storage] AndroidManifest.xml:10:17-126
115                android:value="com.google.firebase.components.ComponentRegistrar" />
115-->[:firebase_storage] AndroidManifest.xml:11:17-82
116            <meta-data
116-->[:firebase_messaging] AndroidManifest.xml:34:13-36:85
117                android:name="com.google.firebase.components:io.flutter.plugins.firebase.messaging.FlutterFirebaseAppRegistrar"
117-->[:firebase_messaging] AndroidManifest.xml:35:17-128
118                android:value="com.google.firebase.components.ComponentRegistrar" />
118-->[:firebase_messaging] AndroidManifest.xml:36:17-82
119            <meta-data
119-->[:firebase_core] AndroidManifest.xml:9:13-11:85
120                android:name="com.google.firebase.components:io.flutter.plugins.firebase.core.FlutterFirebaseCoreRegistrar"
120-->[:firebase_core] AndroidManifest.xml:10:17-124
121                android:value="com.google.firebase.components.ComponentRegistrar" />
121-->[:firebase_core] AndroidManifest.xml:11:17-82
122            <meta-data
122-->[com.google.firebase:firebase-messaging:23.0.4] AndroidManifest.xml:55:13-57:85
123                android:name="com.google.firebase.components:com.google.firebase.messaging.FirebaseMessagingRegistrar"
123-->[com.google.firebase:firebase-messaging:23.0.4] AndroidManifest.xml:56:17-119
124                android:value="com.google.firebase.components.ComponentRegistrar" />
124-->[com.google.firebase:firebase-messaging:23.0.4] AndroidManifest.xml:57:17-82
125            <meta-data
125-->[com.google.firebase:firebase-auth:21.0.3] AndroidManifest.xml:67:13-69:85
126                android:name="com.google.firebase.components:com.google.firebase.auth.FirebaseAuthRegistrar"
126-->[com.google.firebase:firebase-auth:21.0.3] AndroidManifest.xml:68:17-109
127                android:value="com.google.firebase.components.ComponentRegistrar" />
127-->[com.google.firebase:firebase-auth:21.0.3] AndroidManifest.xml:69:17-82
128            <meta-data
128-->[com.google.firebase:firebase-firestore:24.1.2] AndroidManifest.xml:20:13-22:85
129                android:name="com.google.firebase.components:com.google.firebase.firestore.FirestoreRegistrar"
129-->[com.google.firebase:firebase-firestore:24.1.2] AndroidManifest.xml:21:17-111
130                android:value="com.google.firebase.components.ComponentRegistrar" />
130-->[com.google.firebase:firebase-firestore:24.1.2] AndroidManifest.xml:22:17-82
131            <meta-data
131-->[com.google.firebase:firebase-storage:20.0.1] AndroidManifest.xml:33:13-35:85
132                android:name="com.google.firebase.components:com.google.firebase.storage.StorageRegistrar"
132-->[com.google.firebase:firebase-storage:20.0.1] AndroidManifest.xml:34:17-107
133                android:value="com.google.firebase.components.ComponentRegistrar" />
133-->[com.google.firebase:firebase-storage:20.0.1] AndroidManifest.xml:35:17-82
134            <meta-data
134-->[com.google.firebase:firebase-datatransport:18.1.3] AndroidManifest.xml:28:13-30:85
135                android:name="com.google.firebase.components:com.google.firebase.datatransport.TransportRegistrar"
135-->[com.google.firebase:firebase-datatransport:18.1.3] AndroidManifest.xml:29:17-115
136                android:value="com.google.firebase.components.ComponentRegistrar" />
136-->[com.google.firebase:firebase-datatransport:18.1.3] AndroidManifest.xml:30:17-82
137            <meta-data
137-->[com.google.firebase:firebase-installations:17.0.1] AndroidManifest.xml:18:13-20:85
138                android:name="com.google.firebase.components:com.google.firebase.installations.FirebaseInstallationsRegistrar"
138-->[com.google.firebase:firebase-installations:17.0.1] AndroidManifest.xml:19:17-127
139                android:value="com.google.firebase.components.ComponentRegistrar" />
139-->[com.google.firebase:firebase-installations:17.0.1] AndroidManifest.xml:20:17-82
140        </service>
141        <service
141-->[:firebase_messaging] AndroidManifest.xml:12:9-15:72
142            android:name="io.flutter.plugins.firebase.messaging.FlutterFirebaseMessagingBackgroundService"
142-->[:firebase_messaging] AndroidManifest.xml:13:13-107
143            android:exported="false"
143-->[:firebase_messaging] AndroidManifest.xml:14:13-37
144            android:permission="android.permission.BIND_JOB_SERVICE" />
144-->[:firebase_messaging] AndroidManifest.xml:15:13-69
145        <service
145-->[:firebase_messaging] AndroidManifest.xml:16:9-22:19
146            android:name="io.flutter.plugins.firebase.messaging.FlutterFirebaseMessagingService"
146-->[:firebase_messaging] AndroidManifest.xml:17:13-97
147            android:exported="false" >
147-->[:firebase_messaging] AndroidManifest.xml:18:13-37
148            <intent-filter>
148-->[:firebase_messaging] AndroidManifest.xml:19:13-21:29
149                <action android:name="com.google.firebase.MESSAGING_EVENT" />
149-->[:firebase_messaging] AndroidManifest.xml:20:17-78
149-->[:firebase_messaging] AndroidManifest.xml:20:25-75
150            </intent-filter>
151        </service>
152
153        <receiver
153-->[:firebase_messaging] AndroidManifest.xml:24:9-31:20
154            android:name="io.flutter.plugins.firebase.messaging.FlutterFirebaseMessagingReceiver"
154-->[:firebase_messaging] AndroidManifest.xml:25:13-98
155            android:exported="true"
155-->[:firebase_messaging] AndroidManifest.xml:26:13-36
156            android:permission="com.google.android.c2dm.permission.SEND" >
156-->[:firebase_messaging] AndroidManifest.xml:27:13-73
157            <intent-filter>
157-->[:firebase_messaging] AndroidManifest.xml:28:13-30:29
158                <action android:name="com.google.android.c2dm.intent.RECEIVE" />
158-->[:firebase_messaging] AndroidManifest.xml:29:17-81
158-->[:firebase_messaging] AndroidManifest.xml:29:25-78
159            </intent-filter>
160        </receiver>
161
162        <provider
162-->[:firebase_messaging] AndroidManifest.xml:39:9-43:38
163            android:name="io.flutter.plugins.firebase.messaging.FlutterFirebaseMessagingInitProvider"
163-->[:firebase_messaging] AndroidManifest.xml:40:13-102
164            android:authorities="com.smartersvision.home_services_provider.flutterfirebasemessaginginitprovider"
164-->[:firebase_messaging] AndroidManifest.xml:41:13-88
165            android:exported="false"
165-->[:firebase_messaging] AndroidManifest.xml:42:13-37
166            android:initOrder="99" />
166-->[:firebase_messaging] AndroidManifest.xml:43:13-35
167
168        <service
168-->[:geolocator_android] AndroidManifest.xml:10:9-14:56
169            android:name="com.baseflow.geolocator.GeolocatorLocationService"
169-->[:geolocator_android] AndroidManifest.xml:11:13-77
170            android:enabled="true"
170-->[:geolocator_android] AndroidManifest.xml:12:13-35
171            android:exported="false"
171-->[:geolocator_android] AndroidManifest.xml:13:13-37
172            android:foregroundServiceType="location" />
172-->[:geolocator_android] AndroidManifest.xml:14:13-53
173
174        <provider
174-->[:image_picker_android] AndroidManifest.xml:8:9-16:20
175            android:name="io.flutter.plugins.imagepicker.ImagePickerFileProvider"
175-->[:image_picker_android] AndroidManifest.xml:9:13-82
176            android:authorities="com.smartersvision.home_services_provider.flutter.image_provider"
176-->[:image_picker_android] AndroidManifest.xml:10:13-74
177            android:exported="false"
177-->[:image_picker_android] AndroidManifest.xml:11:13-37
178            android:grantUriPermissions="true" >
178-->[:image_picker_android] AndroidManifest.xml:12:13-47
179            <meta-data
179-->[:image_picker_android] AndroidManifest.xml:13:13-15:75
180                android:name="android.support.FILE_PROVIDER_PATHS"
180-->[:image_picker_android] AndroidManifest.xml:14:17-67
181                android:resource="@xml/flutter_image_picker_file_paths" />
181-->[:image_picker_android] AndroidManifest.xml:15:17-72
182        </provider>
183
184        <activity
184-->[:url_launcher_android] AndroidManifest.xml:8:9-11:74
185            android:name="io.flutter.plugins.urllauncher.WebViewActivity"
185-->[:url_launcher_android] AndroidManifest.xml:9:13-74
186            android:exported="false"
186-->[:url_launcher_android] AndroidManifest.xml:10:13-37
187            android:theme="@android:style/Theme.NoTitleBar.Fullscreen" />
187-->[:url_launcher_android] AndroidManifest.xml:11:13-71
188
189        <service
189-->[:location] AndroidManifest.xml:11:9-15:56
190            android:name="com.lyokone.location.FlutterLocationService"
190-->[:location] AndroidManifest.xml:12:13-71
191            android:enabled="true"
191-->[:location] AndroidManifest.xml:13:13-35
192            android:exported="false"
192-->[:location] AndroidManifest.xml:14:13-37
193            android:foregroundServiceType="location" />
193-->[:location] AndroidManifest.xml:15:13-53
194
195        <uses-library
195-->[androidx.window:window:1.0.0-beta04] AndroidManifest.xml:25:9-27:40
196            android:name="androidx.window.extensions"
196-->[androidx.window:window:1.0.0-beta04] AndroidManifest.xml:26:13-54
197            android:required="false" />
197-->[androidx.window:window:1.0.0-beta04] AndroidManifest.xml:27:13-37
198        <uses-library
198-->[androidx.window:window:1.0.0-beta04] AndroidManifest.xml:28:9-30:40
199            android:name="androidx.window.sidecar"
199-->[androidx.window:window:1.0.0-beta04] AndroidManifest.xml:29:13-51
200            android:required="false" />
200-->[androidx.window:window:1.0.0-beta04] AndroidManifest.xml:30:13-37
201
202        <receiver
202-->[com.google.firebase:firebase-messaging:23.0.4] AndroidManifest.xml:31:9-38:20
203            android:name="com.google.firebase.iid.FirebaseInstanceIdReceiver"
203-->[com.google.firebase:firebase-messaging:23.0.4] AndroidManifest.xml:32:13-78
204            android:exported="true"
204-->[com.google.firebase:firebase-messaging:23.0.4] AndroidManifest.xml:33:13-36
205            android:permission="com.google.android.c2dm.permission.SEND" >
205-->[com.google.firebase:firebase-messaging:23.0.4] AndroidManifest.xml:34:13-73
206            <intent-filter>
206-->[:firebase_messaging] AndroidManifest.xml:28:13-30:29
207                <action android:name="com.google.android.c2dm.intent.RECEIVE" />
207-->[:firebase_messaging] AndroidManifest.xml:29:17-81
207-->[:firebase_messaging] AndroidManifest.xml:29:25-78
208            </intent-filter>
209        </receiver>
210        <!--
211             FirebaseMessagingService performs security checks at runtime,
212             but set to not exported to explicitly avoid allowing another app to call it.
213        -->
214        <service
214-->[com.google.firebase:firebase-messaging:23.0.4] AndroidManifest.xml:44:9-51:19
215            android:name="com.google.firebase.messaging.FirebaseMessagingService"
215-->[com.google.firebase:firebase-messaging:23.0.4] AndroidManifest.xml:45:13-82
216            android:directBootAware="true"
216-->[com.google.firebase:firebase-messaging:23.0.4] AndroidManifest.xml:46:13-43
217            android:exported="false" >
217-->[com.google.firebase:firebase-messaging:23.0.4] AndroidManifest.xml:47:13-37
218            <intent-filter android:priority="-500" >
218-->[:firebase_messaging] AndroidManifest.xml:19:13-21:29
219                <action android:name="com.google.firebase.MESSAGING_EVENT" />
219-->[:firebase_messaging] AndroidManifest.xml:20:17-78
219-->[:firebase_messaging] AndroidManifest.xml:20:25-75
220            </intent-filter>
221        </service>
222
223        <activity
223-->[com.google.firebase:firebase-auth:21.0.3] AndroidManifest.xml:27:9-44:20
224            android:name="com.google.firebase.auth.internal.GenericIdpActivity"
224-->[com.google.firebase:firebase-auth:21.0.3] AndroidManifest.xml:28:13-80
225            android:excludeFromRecents="true"
225-->[com.google.firebase:firebase-auth:21.0.3] AndroidManifest.xml:29:13-46
226            android:exported="true"
226-->[com.google.firebase:firebase-auth:21.0.3] AndroidManifest.xml:30:13-36
227            android:launchMode="singleTask"
227-->[com.google.firebase:firebase-auth:21.0.3] AndroidManifest.xml:31:13-44
228            android:theme="@android:style/Theme.Translucent.NoTitleBar" >
228-->[com.google.firebase:firebase-auth:21.0.3] AndroidManifest.xml:32:13-72
229            <intent-filter>
229-->[com.google.firebase:firebase-auth:21.0.3] AndroidManifest.xml:33:13-43:29
230                <action android:name="android.intent.action.VIEW" />
230-->[com.google.firebase:firebase-auth:21.0.3] AndroidManifest.xml:34:17-69
230-->[com.google.firebase:firebase-auth:21.0.3] AndroidManifest.xml:34:25-66
231
232                <category android:name="android.intent.category.DEFAULT" />
232-->[com.google.firebase:firebase-auth:21.0.3] AndroidManifest.xml:36:17-76
232-->[com.google.firebase:firebase-auth:21.0.3] AndroidManifest.xml:36:27-73
233                <category android:name="android.intent.category.BROWSABLE" />
233-->[com.google.firebase:firebase-auth:21.0.3] AndroidManifest.xml:37:17-78
233-->[com.google.firebase:firebase-auth:21.0.3] AndroidManifest.xml:37:27-75
234
235                <data
235-->[com.google.firebase:firebase-auth:21.0.3] AndroidManifest.xml:39:17-42:51
236                    android:host="firebase.auth"
236-->[com.google.firebase:firebase-auth:21.0.3] AndroidManifest.xml:40:21-49
237                    android:path="/"
237-->[com.google.firebase:firebase-auth:21.0.3] AndroidManifest.xml:41:21-37
238                    android:scheme="genericidp" />
238-->[com.google.firebase:firebase-auth:21.0.3] AndroidManifest.xml:42:21-48
239            </intent-filter>
240        </activity>
241        <activity
241-->[com.google.firebase:firebase-auth:21.0.3] AndroidManifest.xml:45:9-62:20
242            android:name="com.google.firebase.auth.internal.RecaptchaActivity"
242-->[com.google.firebase:firebase-auth:21.0.3] AndroidManifest.xml:46:13-79
243            android:excludeFromRecents="true"
243-->[com.google.firebase:firebase-auth:21.0.3] AndroidManifest.xml:47:13-46
244            android:exported="true"
244-->[com.google.firebase:firebase-auth:21.0.3] AndroidManifest.xml:48:13-36
245            android:launchMode="singleTask"
245-->[com.google.firebase:firebase-auth:21.0.3] AndroidManifest.xml:49:13-44
246            android:theme="@android:style/Theme.Translucent.NoTitleBar" >
246-->[com.google.firebase:firebase-auth:21.0.3] AndroidManifest.xml:50:13-72
247            <intent-filter>
247-->[com.google.firebase:firebase-auth:21.0.3] AndroidManifest.xml:51:13-61:29
248                <action android:name="android.intent.action.VIEW" />
248-->[com.google.firebase:firebase-auth:21.0.3] AndroidManifest.xml:34:17-69
248-->[com.google.firebase:firebase-auth:21.0.3] AndroidManifest.xml:34:25-66
249
250                <category android:name="android.intent.category.DEFAULT" />
250-->[com.google.firebase:firebase-auth:21.0.3] AndroidManifest.xml:36:17-76
250-->[com.google.firebase:firebase-auth:21.0.3] AndroidManifest.xml:36:27-73
251                <category android:name="android.intent.category.BROWSABLE" />
251-->[com.google.firebase:firebase-auth:21.0.3] AndroidManifest.xml:37:17-78
251-->[com.google.firebase:firebase-auth:21.0.3] AndroidManifest.xml:37:27-75
252
253                <data
253-->[com.google.firebase:firebase-auth:21.0.3] AndroidManifest.xml:39:17-42:51
254                    android:host="firebase.auth"
254-->[com.google.firebase:firebase-auth:21.0.3] AndroidManifest.xml:40:21-49
255                    android:path="/"
255-->[com.google.firebase:firebase-auth:21.0.3] AndroidManifest.xml:41:21-37
256                    android:scheme="recaptcha" />
256-->[com.google.firebase:firebase-auth:21.0.3] AndroidManifest.xml:42:21-48
257            </intent-filter>
258        </activity>
259
260        <provider
260-->[com.google.firebase:firebase-common:20.1.1] AndroidManifest.xml:26:9-31:39
261            android:name="com.google.firebase.provider.FirebaseInitProvider"
261-->[com.google.firebase:firebase-common:20.1.1] AndroidManifest.xml:27:13-77
262            android:authorities="com.smartersvision.home_services_provider.firebaseinitprovider"
262-->[com.google.firebase:firebase-common:20.1.1] AndroidManifest.xml:28:13-72
263            android:directBootAware="true"
263-->[com.google.firebase:firebase-common:20.1.1] AndroidManifest.xml:29:13-43
264            android:exported="false"
264-->[com.google.firebase:firebase-common:20.1.1] AndroidManifest.xml:30:13-37
265            android:initOrder="100" /> <!-- Needs to be explicitly declared on P+ -->
265-->[com.google.firebase:firebase-common:20.1.1] AndroidManifest.xml:31:13-36
266        <uses-library
266-->[com.google.android.gms:play-services-maps:18.0.2] AndroidManifest.xml:39:9-41:40
267            android:name="org.apache.http.legacy"
267-->[com.google.android.gms:play-services-maps:18.0.2] AndroidManifest.xml:40:13-50
268            android:required="false" />
268-->[com.google.android.gms:play-services-maps:18.0.2] AndroidManifest.xml:41:13-37
269
270        <activity
270-->[com.google.android.gms:play-services-base:18.0.1] AndroidManifest.xml:20:9-22:45
271            android:name="com.google.android.gms.common.api.GoogleApiActivity"
271-->[com.google.android.gms:play-services-base:18.0.1] AndroidManifest.xml:20:19-85
272            android:exported="false"
272-->[com.google.android.gms:play-services-base:18.0.1] AndroidManifest.xml:22:19-43
273            android:theme="@android:style/Theme.Translucent.NoTitleBar" />
273-->[com.google.android.gms:play-services-base:18.0.1] AndroidManifest.xml:21:19-78
274
275        <meta-data
275-->[com.google.android.gms:play-services-basement:18.0.0] AndroidManifest.xml:21:9-23:69
276            android:name="com.google.android.gms.version"
276-->[com.google.android.gms:play-services-basement:18.0.0] AndroidManifest.xml:22:13-58
277            android:value="@integer/google_play_services_version" />
277-->[com.google.android.gms:play-services-basement:18.0.0] AndroidManifest.xml:23:13-66
278
279        <service
279-->[com.google.android.datatransport:transport-backend-cct:3.1.4] AndroidManifest.xml:29:9-35:19
280            android:name="com.google.android.datatransport.runtime.backends.TransportBackendDiscovery"
280-->[com.google.android.datatransport:transport-backend-cct:3.1.4] AndroidManifest.xml:30:13-103
281            android:exported="false" >
281-->[com.google.android.datatransport:transport-backend-cct:3.1.4] AndroidManifest.xml:31:13-37
282            <meta-data
282-->[com.google.android.datatransport:transport-backend-cct:3.1.4] AndroidManifest.xml:32:13-34:39
283                android:name="backend:com.google.android.datatransport.cct.CctBackendFactory"
283-->[com.google.android.datatransport:transport-backend-cct:3.1.4] AndroidManifest.xml:33:17-94
284                android:value="cct" />
284-->[com.google.android.datatransport:transport-backend-cct:3.1.4] AndroidManifest.xml:34:17-36
285        </service>
286        <service
286-->[com.google.android.datatransport:transport-runtime:3.1.4] AndroidManifest.xml:26:9-30:19
287            android:name="com.google.android.datatransport.runtime.scheduling.jobscheduling.JobInfoSchedulerService"
287-->[com.google.android.datatransport:transport-runtime:3.1.4] AndroidManifest.xml:27:13-117
288            android:exported="false"
288-->[com.google.android.datatransport:transport-runtime:3.1.4] AndroidManifest.xml:28:13-37
289            android:permission="android.permission.BIND_JOB_SERVICE" >
289-->[com.google.android.datatransport:transport-runtime:3.1.4] AndroidManifest.xml:29:13-69
290        </service>
291
292        <receiver
292-->[com.google.android.datatransport:transport-runtime:3.1.4] AndroidManifest.xml:32:9-34:40
293            android:name="com.google.android.datatransport.runtime.scheduling.jobscheduling.AlarmManagerSchedulerBroadcastReceiver"
293-->[com.google.android.datatransport:transport-runtime:3.1.4] AndroidManifest.xml:33:13-132
294            android:exported="false" />
294-->[com.google.android.datatransport:transport-runtime:3.1.4] AndroidManifest.xml:34:13-37
295    </application>
296
297</manifest>